<?xml version="1.0" encoding="UTF-8"?>
<!-- Generated by org.testng.reporters.JUnitReportReporter -->
<testsuite skipped="0" hostname="NBEXEB3X155" name="escenarios.TC002" tests="2" failures="0" timestamp="23 may 2019 19:21:52 GMT" time="29.630" errors="0">
  <testcase name="runTest02" time="5.671" classname="escenarios.TC002"/>
  <testcase name="runTest01" time="23.959" classname="escenarios.TC002"/>
</testsuite> <!-- escenarios.TC002 -->
